<?xml version="1.0" encoding="UTF-8"?>
<!-- Generated by org.testng.reporters.JUnitXMLReporter -->
<testsuite ignored="0" hostname="Sanju" failures="0" tests="4" name="Default test" time="29.369" errors="0" timestamp="2024-12-21T09:14:03 IST">
  <testcase classname="Module4_Products_Test.SwagLabProductTest" name="verifyProductName" time="0.564"/>
  <testcase classname="Module4_Products_Test.SwagLabProductTest" name="verifyProductPrice" time="0.131"/>
  <testcase classname="Module4_Products_Test.SwagLabProductTest" name="verifyProductSize" time="0.098"/>
  <testcase classname="Module4_Products_Test.SwagLabProductTest" name="verifyProductTotalPrice" time="0.125"/>
</testsuite> <!-- Default test -->
