<?xml version="1.0" encoding="UTF-8"?>
<!-- Generated by org.testng.reporters.JUnitXMLReporter -->
<testsuite ignored="0" hostname="Sanju" failures="0" tests="4" name="Test2_Product" time="27.693" errors="0" timestamp="2024-12-21T09:31:48 IST">
  <testcase classname="Module4_Products_Test.SwagLabProductTest" name="verifyProductName" time="0.08"/>
  <testcase classname="Module4_Products_Test.SwagLabProductTest" name="verifyProductPrice" time="0.062"/>
  <testcase classname="Module4_Products_Test.SwagLabProductTest" name="verifyProductSize" time="0.047"/>
  <testcase classname="Module4_Products_Test.SwagLabProductTest" name="verifyProductTotalPrice" time="0.094"/>
</testsuite> <!-- Test2_Product -->
