<?xml version="1.0" encoding="UTF-8"?>
<testng-results ignored="0" total="1" passed="1" failed="0" skipped="0">
  <reporter-output>
  </reporter-output>
  <suite started-at="2024-12-18T07:44:22 IST" name="Suite" finished-at="2024-12-18T07:44:33 IST" duration-ms="11567">
    <groups>
    </groups>
    <test started-at="2024-12-18T07:44:22 IST" name="Test" finished-at="2024-12-18T07:44:33 IST" duration-ms="11567">
      <class name="Module1_Login_Test.SwagLabLoginTest">
        <test-method is-config="true" signature="openBrowser()[pri:0, instance:Module1_Login_Test.SwagLabLoginTest@323b36e0]" started-at="2024-12-18T07:44:22 IST" name="openBrowser" finished-at="2024-12-18T07:44:24 IST" duration-ms="2277" status="PASS">
          <reporter-output>
          </reporter-output>
        </test-method> <!-- openBrowser -->
        <test-method is-config="true" signature="loginToApp()[pri:0, instance:Module1_Login_Test.SwagLabLoginTest@323b36e0]" started-at="2024-12-18T07:44:24 IST" name="loginToApp" finished-at="2024-12-18T07:44:26 IST" duration-ms="2419" status="PASS">
          <reporter-output>
          </reporter-output>
        </test-method> <!-- loginToApp -->
        <test-method signature="verifyLogoText()[pri:0, instance:Module1_Login_Test.SwagLabLoginTest@323b36e0]" started-at="2024-12-18T07:44:26 IST" name="verifyLogoText" finished-at="2024-12-18T07:44:29 IST" duration-ms="2472" status="PASS">
          <reporter-output>
          </reporter-output>
        </test-method> <!-- verifyLogoText -->
        <test-method is-config="true" signature="logoutFromApp(org.testng.ITestResult)[pri:0, instance:Module1_Login_Test.SwagLabLoginTest@323b36e0]" started-at="2024-12-18T07:44:29 IST" name="logoutFromApp" finished-at="2024-12-18T07:44:33 IST" duration-ms="4145" status="PASS">
          <params>
            <param index="0">
              <value>
                <![CDATA[[TestResult name=verifyLogoText status=SUCCESS method=SwagLabLoginTest.verifyLogoText()[pri:0, instance:Module1_Login_Test.SwagLabLoginTest@323b36e0] output={null}]]]>
              </value>
            </param>
          </params>
          <reporter-output>
          </reporter-output>
        </test-method> <!-- logoutFromApp -->
        <test-method is-config="true" signature="closeBrowser()[pri:0, instance:Module1_Login_Test.SwagLabLoginTest@323b36e0]" started-at="2024-12-18T07:44:33 IST" name="closeBrowser" finished-at="2024-12-18T07:44:33 IST" duration-ms="221" status="PASS">
          <reporter-output>
          </reporter-output>
        </test-method> <!-- closeBrowser -->
      </class> <!-- Module1_Login_Test.SwagLabLoginTest -->
    </test> <!-- Test -->
  </suite> <!-- Suite -->
</testng-results>
