<?xml version="1.0" encoding="UTF-8"?>
<testng-results ignored="0" total="1" passed="1" failed="0" skipped="0">
  <reporter-output>
  </reporter-output>
  <suite started-at="2024-12-20T08:25:30 IST" name="Suite" finished-at="2024-12-20T08:25:41 IST" duration-ms="11449">
    <groups>
    </groups>
    <test started-at="2024-12-20T08:25:30 IST" name="Test" finished-at="2024-12-20T08:25:41 IST" duration-ms="11449">
      <class name="Module1_Login_Test.SwagLabLoginTest">
        <test-method is-config="true" signature="openBrowser()[pri:0, instance:Module1_Login_Test.SwagLabLoginTest@30c15d8b]" started-at="2024-12-20T08:25:30 IST" name="openBrowser" finished-at="2024-12-20T08:25:32 IST" duration-ms="2241" status="PASS">
          <reporter-output>
          </reporter-output>
        </test-method> <!-- openBrowser -->
        <test-method is-config="true" signature="loginToApp()[pri:0, instance:Module1_Login_Test.SwagLabLoginTest@30c15d8b]" started-at="2024-12-20T08:25:32 IST" name="loginToApp" finished-at="2024-12-20T08:25:34 IST" duration-ms="2364" status="PASS">
          <reporter-output>
          </reporter-output>
        </test-method> <!-- loginToApp -->
        <test-method signature="verifyLogoText()[pri:0, instance:Module1_Login_Test.SwagLabLoginTest@30c15d8b]" started-at="2024-12-20T08:25:34 IST" name="verifyLogoText" finished-at="2024-12-20T08:25:37 IST" duration-ms="2483" status="PASS">
          <reporter-output>
          </reporter-output>
        </test-method> <!-- verifyLogoText -->
        <test-method is-config="true" signature="logoutFromApp(org.testng.ITestResult)[pri:0, instance:Module1_Login_Test.SwagLabLoginTest@30c15d8b]" started-at="2024-12-20T08:25:37 IST" name="logoutFromApp" finished-at="2024-12-20T08:25:41 IST" duration-ms="4158" status="PASS">
          <params>
            <param index="0">
              <value>
                <![CDATA[[TestResult name=verifyLogoText status=SUCCESS method=SwagLabLoginTest.verifyLogoText()[pri:0, instance:Module1_Login_Test.SwagLabLoginTest@30c15d8b] output={null}]]]>
              </value>
            </param>
          </params>
          <reporter-output>
          </reporter-output>
        </test-method> <!-- logoutFromApp -->
        <test-method is-config="true" signature="closeBrowser()[pri:0, instance:Module1_Login_Test.SwagLabLoginTest@30c15d8b]" started-at="2024-12-20T08:25:41 IST" name="closeBrowser" finished-at="2024-12-20T08:25:41 IST" duration-ms="174" status="PASS">
          <reporter-output>
          </reporter-output>
        </test-method> <!-- closeBrowser -->
      </class> <!-- Module1_Login_Test.SwagLabLoginTest -->
    </test> <!-- Test -->
  </suite> <!-- Suite -->
</testng-results>
