<?xml version="1.0" encoding="UTF-8"?>
<testng-results ignored="0" total="1" passed="1" failed="0" skipped="0">
  <reporter-output>
  </reporter-output>
  <suite started-at="2024-12-23T09:06:50 IST" name="Default suite" finished-at="2024-12-23T09:07:10 IST" duration-ms="20353">
    <groups>
    </groups>
    <test started-at="2024-12-23T09:06:50 IST" name="Default test" finished-at="2024-12-23T09:07:10 IST" duration-ms="20353">
      <class name="Module5_Order_Test.SwagLabOrderTest">
        <test-method is-config="true" signature="openBrowser()[pri:0, instance:Module5_Order_Test.SwagLabOrderTest@30c15d8b]" started-at="2024-12-23T09:06:50 IST" name="openBrowser" finished-at="2024-12-23T09:06:52 IST" duration-ms="2499" status="PASS">
          <reporter-output>
          </reporter-output>
        </test-method> <!-- openBrowser -->
        <test-method is-config="true" signature="loginToApp()[pri:0, instance:Module5_Order_Test.SwagLabOrderTest@30c15d8b]" started-at="2024-12-23T09:06:52 IST" name="loginToApp" finished-at="2024-12-23T09:06:55 IST" duration-ms="2431" status="PASS">
          <reporter-output>
          </reporter-output>
        </test-method> <!-- loginToApp -->
        <test-method signature="PurchaseAnyProduct()[pri:1, instance:Module5_Order_Test.SwagLabOrderTest@30c15d8b]" started-at="2024-12-23T09:06:55 IST" name="PurchaseAnyProduct" finished-at="2024-12-23T09:07:05 IST" duration-ms="10805" status="PASS">
          <reporter-output>
          </reporter-output>
        </test-method> <!-- PurchaseAnyProduct -->
        <test-method is-config="true" signature="logoutFromApp(org.testng.ITestResult)[pri:0, instance:Module5_Order_Test.SwagLabOrderTest@30c15d8b]" started-at="2024-12-23T09:07:05 IST" name="logoutFromApp" finished-at="2024-12-23T09:07:10 IST" duration-ms="4234" status="PASS">
          <params>
            <param index="0">
              <value>
                <![CDATA[[TestResult name=PurchaseAnyProduct status=SUCCESS method=SwagLabOrderTest.PurchaseAnyProduct()[pri:1, instance:Module5_Order_Test.SwagLabOrderTest@30c15d8b] output={null}]]]>
              </value>
            </param>
          </params>
          <reporter-output>
          </reporter-output>
        </test-method> <!-- logoutFromApp -->
        <test-method is-config="true" signature="closeBrowser()[pri:0, instance:Module5_Order_Test.SwagLabOrderTest@30c15d8b]" started-at="2024-12-23T09:07:10 IST" name="closeBrowser" finished-at="2024-12-23T09:07:10 IST" duration-ms="333" status="PASS">
          <reporter-output>
          </reporter-output>
        </test-method> <!-- closeBrowser -->
      </class> <!-- Module5_Order_Test.SwagLabOrderTest -->
    </test> <!-- Default test -->
  </suite> <!-- Default suite -->
</testng-results>
